<?xml version="1.0" encoding="UTF-8"?>
<!-- Generated by org.testng.reporters.JUnitXMLReporter -->
<testsuite ignored="0" hostname="LAPTOP-DNMD5KJU" failures="0" tests="1" name="Test" time="26.725" errors="0" timestamp="2026-06-06T00:28:35 IST">
  <testcase classname="base.BaseTest" name="@BeforeMethod setup" time="26.588">
    <failure type="com.microsoft.playwright.PlaywrightException" message="Error {
  message=&amp;apos;net::ERR_ABORTED; maybe frame was detached?
  name=&amp;apos;Error
  stack=&amp;apos;Error: net::ERR_ABORTED; maybe frame was detached?
    at FrameManager.frameAbortedNavigation (C:\Users\HP\AppData\Local\Temp\playwright-java-17315212500974316330\package\lib\server\frames.js:205:14)
    at FrameManager.requestFailed (C:\Users\HP\AppData\Local\Temp\playwright-java-17315212500974316330\package\lib\server\frames.js:255:12)
    at CRNetworkManager._onLoadingFailed (C:\Users\HP\AppData\Local\Temp\playwright-java-17315212500974316330\package\lib\server\chromium\crNetworkManager.js:461:55)
    at CRSession.emit (node:events:518:28)
    at C:\Users\HP\AppData\Local\Temp\playwright-java-17315212500974316330\package\lib\server\chromium\crConnection.js:138:14
}
Call log:
-   - navigating to &amp;quot;https://opensource-demo.orangehrmlive.com/&amp;quot;, waiting until &amp;quot;load&amp;quot;
">
      <![CDATA[com.microsoft.playwright.PlaywrightException: Error {
  message='net::ERR_ABORTED; maybe frame was detached?
  name='Error
  stack='Error: net::ERR_ABORTED; maybe frame was detached?
    at FrameManager.frameAbortedNavigation (C:\Users\HP\AppData\Local\Temp\playwright-java-17315212500974316330\package\lib\server\frames.js:205:14)
    at FrameManager.requestFailed (C:\Users\HP\AppData\Local\Temp\playwright-java-17315212500974316330\package\lib\server\frames.js:255:12)
    at CRNetworkManager._onLoadingFailed (C:\Users\HP\AppData\Local\Temp\playwright-java-17315212500974316330\package\lib\server\chromium\crNetworkManager.js:461:55)
    at CRSession.emit (node:events:518:28)
    at C:\Users\HP\AppData\Local\Temp\playwright-java-17315212500974316330\package\lib\server\chromium\crConnection.js:138:14
}
Call log:
-   - navigating to "https://opensource-demo.orangehrmlive.com/", waiting until "load"

at com.microsoft.playwright.impl.WaitableResult.get(WaitableResult.java:56)
at com.microsoft.playwright.impl.ChannelOwner.runUntil(ChannelOwner.java:138)
at com.microsoft.playwright.impl.Connection.sendMessage(Connection.java:131)
at com.microsoft.playwright.impl.ChannelOwner.sendMessage(ChannelOwner.java:124)
at com.microsoft.playwright.impl.FrameImpl.navigateImpl(FrameImpl.java:419)
at com.microsoft.playwright.impl.PageImpl.navigate(PageImpl.java:918)
at com.microsoft.playwright.impl.PageImpl.navigate(PageImpl.java:42)
at com.microsoft.playwright.Page.navigate(Page.java:5491)
at base.BaseTest.setup(BaseTest.java:46)
at java.base/java.util.ArrayList.forEach(ArrayList.java:1511)
Caused by: com.microsoft.playwright.impl.DriverException: Error {
  message='net::ERR_ABORTED; maybe frame was detached?
  name='Error
  stack='Error: net::ERR_ABORTED; maybe frame was detached?
    at FrameManager.frameAbortedNavigation (C:\Users\HP\AppData\Local\Temp\playwright-java-17315212500974316330\package\lib\server\frames.js:205:14)
    at FrameManager.requestFailed (C:\Users\HP\AppData\Local\Temp\playwright-java-17315212500974316330\package\lib\server\frames.js:255:12)
    at CRNetworkManager._onLoadingFailed (C:\Users\HP\AppData\Local\Temp\playwright-java-17315212500974316330\package\lib\server\chromium\crNetworkManager.js:461:55)
    at CRSession.emit (node:events:518:28)
    at C:\Users\HP\AppData\Local\Temp\playwright-java-17315212500974316330\package\lib\server\chromium\crConnection.js:138:14
}
Call log:
-   - navigating to "https://opensource-demo.orangehrmlive.com/", waiting until "load"

at com.microsoft.playwright.impl.Connection.dispatch(Connection.java:262)
at com.microsoft.playwright.impl.Connection.processOneMessage(Connection.java:214)
at com.microsoft.playwright.impl.ChannelOwner.runUntil(ChannelOwner.java:136)
... 39 more
... Removed 31 stack frames]]>
    </failure>
  </testcase> <!-- @BeforeMethod setup -->
  <testcase classname="base.BaseTest" name="@AfterMethod tearDown" time="-1.78068591503E9">
    <skipped/>
  </testcase> <!-- @AfterMethod tearDown -->
  <testcase classname="tests.LoginTest" name="loginTest" time="0.0">
    <skipped/>
  </testcase> <!-- loginTest -->
</testsuite> <!-- Test -->
