<?xml version="1.0" encoding="UTF-8"?>
<testng-results ignored="0" total="1" passed="0" failed="0" skipped="1">
  <reporter-output>
  </reporter-output>
  <suite started-at="2026-06-06T00:28:08 IST" name="Suite" finished-at="2026-06-06T00:28:35 IST" duration-ms="26725">
    <groups>
    </groups>
    <test started-at="2026-06-06T00:28:08 IST" name="Test" finished-at="2026-06-06T00:28:35 IST" duration-ms="26725">
      <class name="tests.LoginTest">
        <test-method is-config="true" signature="setup()[pri:0, instance:tests.LoginTest@6d3a388c]" started-at="2026-06-06T00:28:08 IST" name="setup" finished-at="2026-06-06T00:28:34 IST" duration-ms="26588" status="FAIL">
          <exception class="com.microsoft.playwright.PlaywrightException">
            <message>
              <![CDATA[Error {
  message='net::ERR_ABORTED; maybe frame was detached?
  name='Error
  stack='Error: net::ERR_ABORTED; maybe frame was detached?
    at FrameManager.frameAbortedNavigation (C:\Users\HP\AppData\Local\Temp\playwright-java-17315212500974316330\package\lib\server\frames.js:205:14)
    at FrameManager.requestFailed (C:\Users\HP\AppData\Local\Temp\playwright-java-17315212500974316330\package\lib\server\frames.js:255:12)
    at CRNetworkManager._onLoadingFailed (C:\Users\HP\AppData\Local\Temp\playwright-java-17315212500974316330\package\lib\server\chromium\crNetworkManager.js:461:55)
    at CRSession.emit (node:events:518:28)
    at C:\Users\HP\AppData\Local\Temp\playwright-java-17315212500974316330\package\lib\server\chromium\crConnection.js:138:14
}
Call log:
-   - navigating to "https://opensource-demo.orangehrmlive.com/", waiting until "load"
]]>
            </message>
            <full-stacktrace>
              <![CDATA[com.microsoft.playwright.PlaywrightException: Error {
  message='net::ERR_ABORTED; maybe frame was detached?
  name='Error
  stack='Error: net::ERR_ABORTED; maybe frame was detached?
    at FrameManager.frameAbortedNavigation (C:\Users\HP\AppData\Local\Temp\playwright-java-17315212500974316330\package\lib\server\frames.js:205:14)
    at FrameManager.requestFailed (C:\Users\HP\AppData\Local\Temp\playwright-java-17315212500974316330\package\lib\server\frames.js:255:12)
    at CRNetworkManager._onLoadingFailed (C:\Users\HP\AppData\Local\Temp\playwright-java-17315212500974316330\package\lib\server\chromium\crNetworkManager.js:461:55)
    at CRSession.emit (node:events:518:28)
    at C:\Users\HP\AppData\Local\Temp\playwright-java-17315212500974316330\package\lib\server\chromium\crConnection.js:138:14
}
Call log:
-   - navigating to "https://opensource-demo.orangehrmlive.com/", waiting until "load"

at com.microsoft.playwright.impl.WaitableResult.get(WaitableResult.java:56)
at com.microsoft.playwright.impl.ChannelOwner.runUntil(ChannelOwner.java:138)
at com.microsoft.playwright.impl.Connection.sendMessage(Connection.java:131)
at com.microsoft.playwright.impl.ChannelOwner.sendMessage(ChannelOwner.java:124)
at com.microsoft.playwright.impl.FrameImpl.navigateImpl(FrameImpl.java:419)
at com.microsoft.playwright.impl.PageImpl.navigate(PageImpl.java:918)
at com.microsoft.playwright.impl.PageImpl.navigate(PageImpl.java:42)
at com.microsoft.playwright.Page.navigate(Page.java:5491)
at base.BaseTest.setup(BaseTest.java:46)
at java.base/jdk.internal.reflect.NativeMethodAccessorImpl.invoke0(Native Method)
at java.base/jdk.internal.reflect.NativeMethodAccessorImpl.invoke(NativeMethodAccessorImpl.java:77)
at java.base/jdk.internal.reflect.DelegatingMethodAccessorImpl.invoke(DelegatingMethodAccessorImpl.java:43)
at java.base/java.lang.reflect.Method.invoke(Method.java:568)
at org.testng.internal.MethodInvocationHelper.invokeMethod(MethodInvocationHelper.java:133)
at org.testng.internal.MethodInvocationHelper.invokeMethodConsideringTimeout(MethodInvocationHelper.java:62)
at org.testng.internal.ConfigInvoker.invokeConfigurationMethod(ConfigInvoker.java:385)
at org.testng.internal.ConfigInvoker.invokeConfigurations(ConfigInvoker.java:321)
at org.testng.internal.TestInvoker.runConfigMethods(TestInvoker.java:700)
at org.testng.internal.TestInvoker.invokeMethod(TestInvoker.java:527)
at org.testng.internal.TestInvoker.invokeTestMethod(TestInvoker.java:173)
at org.testng.internal.MethodRunner.runInSequence(MethodRunner.java:46)
at org.testng.internal.TestInvoker$MethodInvocationAgent.invoke(TestInvoker.java:824)
at org.testng.internal.TestInvoker.invokeTestMethods(TestInvoker.java:146)
at org.testng.internal.TestMethodWorker.invokeTestMethods(TestMethodWorker.java:146)
at org.testng.internal.TestMethodWorker.run(TestMethodWorker.java:128)
at java.base/java.util.ArrayList.forEach(ArrayList.java:1511)
at org.testng.TestRunner.privateRun(TestRunner.java:794)
at org.testng.TestRunner.run(TestRunner.java:596)
at org.testng.SuiteRunner.runTest(SuiteRunner.java:377)
at org.testng.SuiteRunner.runSequentially(SuiteRunner.java:371)
at org.testng.SuiteRunner.privateRun(SuiteRunner.java:332)
at org.testng.SuiteRunner.run(SuiteRunner.java:276)
at org.testng.SuiteRunnerWorker.runSuite(SuiteRunnerWorker.java:53)
at org.testng.SuiteRunnerWorker.run(SuiteRunnerWorker.java:96)
at org.testng.TestNG.runSuitesSequentially(TestNG.java:1212)
at org.testng.TestNG.runSuitesLocally(TestNG.java:1134)
at org.testng.TestNG.runSuites(TestNG.java:1063)
at org.testng.TestNG.run(TestNG.java:1031)
at org.testng.remote.AbstractRemoteTestNG.run(AbstractRemoteTestNG.java:115)
at org.testng.remote.RemoteTestNG.initAndRun(RemoteTestNG.java:293)
at org.testng.remote.RemoteTestNG.main(RemoteTestNG.java:91)
Caused by: com.microsoft.playwright.impl.DriverException: Error {
  message='net::ERR_ABORTED; maybe frame was detached?
  name='Error
  stack='Error: net::ERR_ABORTED; maybe frame was detached?
    at FrameManager.frameAbortedNavigation (C:\Users\HP\AppData\Local\Temp\playwright-java-17315212500974316330\package\lib\server\frames.js:205:14)
    at FrameManager.requestFailed (C:\Users\HP\AppData\Local\Temp\playwright-java-17315212500974316330\package\lib\server\frames.js:255:12)
    at CRNetworkManager._onLoadingFailed (C:\Users\HP\AppData\Local\Temp\playwright-java-17315212500974316330\package\lib\server\chromium\crNetworkManager.js:461:55)
    at CRSession.emit (node:events:518:28)
    at C:\Users\HP\AppData\Local\Temp\playwright-java-17315212500974316330\package\lib\server\chromium\crConnection.js:138:14
}
Call log:
-   - navigating to "https://opensource-demo.orangehrmlive.com/", waiting until "load"

at com.microsoft.playwright.impl.Connection.dispatch(Connection.java:262)
at com.microsoft.playwright.impl.Connection.processOneMessage(Connection.java:214)
at com.microsoft.playwright.impl.ChannelOwner.runUntil(ChannelOwner.java:136)
... 39 more
]]>
            </full-stacktrace>
          </exception> <!-- com.microsoft.playwright.PlaywrightException -->
          <reporter-output>
          </reporter-output>
        </test-method> <!-- setup -->
        <test-method signature="loginTest()[pri:0, instance:tests.LoginTest@6d3a388c]" started-at="2026-06-06T00:28:35 IST" name="loginTest" finished-at="2026-06-06T00:28:35 IST" duration-ms="0" status="SKIP">
          <exception class="com.microsoft.playwright.PlaywrightException">
            <message>
              <![CDATA[Error {
  message='net::ERR_ABORTED; maybe frame was detached?
  name='Error
  stack='Error: net::ERR_ABORTED; maybe frame was detached?
    at FrameManager.frameAbortedNavigation (C:\Users\HP\AppData\Local\Temp\playwright-java-17315212500974316330\package\lib\server\frames.js:205:14)
    at FrameManager.requestFailed (C:\Users\HP\AppData\Local\Temp\playwright-java-17315212500974316330\package\lib\server\frames.js:255:12)
    at CRNetworkManager._onLoadingFailed (C:\Users\HP\AppData\Local\Temp\playwright-java-17315212500974316330\package\lib\server\chromium\crNetworkManager.js:461:55)
    at CRSession.emit (node:events:518:28)
    at C:\Users\HP\AppData\Local\Temp\playwright-java-17315212500974316330\package\lib\server\chromium\crConnection.js:138:14
}
Call log:
-   - navigating to "https://opensource-demo.orangehrmlive.com/", waiting until "load"
]]>
            </message>
            <full-stacktrace>
              <![CDATA[com.microsoft.playwright.PlaywrightException: Error {
  message='net::ERR_ABORTED; maybe frame was detached?
  name='Error
  stack='Error: net::ERR_ABORTED; maybe frame was detached?
    at FrameManager.frameAbortedNavigation (C:\Users\HP\AppData\Local\Temp\playwright-java-17315212500974316330\package\lib\server\frames.js:205:14)
    at FrameManager.requestFailed (C:\Users\HP\AppData\Local\Temp\playwright-java-17315212500974316330\package\lib\server\frames.js:255:12)
    at CRNetworkManager._onLoadingFailed (C:\Users\HP\AppData\Local\Temp\playwright-java-17315212500974316330\package\lib\server\chromium\crNetworkManager.js:461:55)
    at CRSession.emit (node:events:518:28)
    at C:\Users\HP\AppData\Local\Temp\playwright-java-17315212500974316330\package\lib\server\chromium\crConnection.js:138:14
}
Call log:
-   - navigating to "https://opensource-demo.orangehrmlive.com/", waiting until "load"

at com.microsoft.playwright.impl.WaitableResult.get(WaitableResult.java:56)
at com.microsoft.playwright.impl.ChannelOwner.runUntil(ChannelOwner.java:138)
at com.microsoft.playwright.impl.Connection.sendMessage(Connection.java:131)
at com.microsoft.playwright.impl.ChannelOwner.sendMessage(ChannelOwner.java:124)
at com.microsoft.playwright.impl.FrameImpl.navigateImpl(FrameImpl.java:419)
at com.microsoft.playwright.impl.PageImpl.navigate(PageImpl.java:918)
at com.microsoft.playwright.impl.PageImpl.navigate(PageImpl.java:42)
at com.microsoft.playwright.Page.navigate(Page.java:5491)
at base.BaseTest.setup(BaseTest.java:46)
at java.base/jdk.internal.reflect.NativeMethodAccessorImpl.invoke0(Native Method)
at java.base/jdk.internal.reflect.NativeMethodAccessorImpl.invoke(NativeMethodAccessorImpl.java:77)
at java.base/jdk.internal.reflect.DelegatingMethodAccessorImpl.invoke(DelegatingMethodAccessorImpl.java:43)
at java.base/java.lang.reflect.Method.invoke(Method.java:568)
at org.testng.internal.MethodInvocationHelper.invokeMethod(MethodInvocationHelper.java:133)
at org.testng.internal.MethodInvocationHelper.invokeMethodConsideringTimeout(MethodInvocationHelper.java:62)
at org.testng.internal.ConfigInvoker.invokeConfigurationMethod(ConfigInvoker.java:385)
at org.testng.internal.ConfigInvoker.invokeConfigurations(ConfigInvoker.java:321)
at org.testng.internal.TestInvoker.runConfigMethods(TestInvoker.java:700)
at org.testng.internal.TestInvoker.invokeMethod(TestInvoker.java:527)
at org.testng.internal.TestInvoker.invokeTestMethod(TestInvoker.java:173)
at org.testng.internal.MethodRunner.runInSequence(MethodRunner.java:46)
at org.testng.internal.TestInvoker$MethodInvocationAgent.invoke(TestInvoker.java:824)
at org.testng.internal.TestInvoker.invokeTestMethods(TestInvoker.java:146)
at org.testng.internal.TestMethodWorker.invokeTestMethods(TestMethodWorker.java:146)
at org.testng.internal.TestMethodWorker.run(TestMethodWorker.java:128)
at java.base/java.util.ArrayList.forEach(ArrayList.java:1511)
at org.testng.TestRunner.privateRun(TestRunner.java:794)
at org.testng.TestRunner.run(TestRunner.java:596)
at org.testng.SuiteRunner.runTest(SuiteRunner.java:377)
at org.testng.SuiteRunner.runSequentially(SuiteRunner.java:371)
at org.testng.SuiteRunner.privateRun(SuiteRunner.java:332)
at org.testng.SuiteRunner.run(SuiteRunner.java:276)
at org.testng.SuiteRunnerWorker.runSuite(SuiteRunnerWorker.java:53)
at org.testng.SuiteRunnerWorker.run(SuiteRunnerWorker.java:96)
at org.testng.TestNG.runSuitesSequentially(TestNG.java:1212)
at org.testng.TestNG.runSuitesLocally(TestNG.java:1134)
at org.testng.TestNG.runSuites(TestNG.java:1063)
at org.testng.TestNG.run(TestNG.java:1031)
at org.testng.remote.AbstractRemoteTestNG.run(AbstractRemoteTestNG.java:115)
at org.testng.remote.RemoteTestNG.initAndRun(RemoteTestNG.java:293)
at org.testng.remote.RemoteTestNG.main(RemoteTestNG.java:91)
Caused by: com.microsoft.playwright.impl.DriverException: Error {
  message='net::ERR_ABORTED; maybe frame was detached?
  name='Error
  stack='Error: net::ERR_ABORTED; maybe frame was detached?
    at FrameManager.frameAbortedNavigation (C:\Users\HP\AppData\Local\Temp\playwright-java-17315212500974316330\package\lib\server\frames.js:205:14)
    at FrameManager.requestFailed (C:\Users\HP\AppData\Local\Temp\playwright-java-17315212500974316330\package\lib\server\frames.js:255:12)
    at CRNetworkManager._onLoadingFailed (C:\Users\HP\AppData\Local\Temp\playwright-java-17315212500974316330\package\lib\server\chromium\crNetworkManager.js:461:55)
    at CRSession.emit (node:events:518:28)
    at C:\Users\HP\AppData\Local\Temp\playwright-java-17315212500974316330\package\lib\server\chromium\crConnection.js:138:14
}
Call log:
-   - navigating to "https://opensource-demo.orangehrmlive.com/", waiting until "load"

at com.microsoft.playwright.impl.Connection.dispatch(Connection.java:262)
at com.microsoft.playwright.impl.Connection.processOneMessage(Connection.java:214)
at com.microsoft.playwright.impl.ChannelOwner.runUntil(ChannelOwner.java:136)
... 39 more
]]>
            </full-stacktrace>
          </exception> <!-- com.microsoft.playwright.PlaywrightException -->
          <reporter-output>
          </reporter-output>
        </test-method> <!-- loginTest -->
        <test-method is-config="true" signature="tearDown()[pri:0, instance:tests.LoginTest@6d3a388c]" started-at="2026-06-06T00:28:35 IST" name="tearDown" finished-at="1970-01-01T05:30:00 IST" duration-ms="-1780685915030" status="SKIP">
          <reporter-output>
          </reporter-output>
        </test-method> <!-- tearDown -->
      </class> <!-- tests.LoginTest -->
    </test> <!-- Test -->
  </suite> <!-- Suite -->
</testng-results>
