<?xml version="1.0" encoding="UTF-8"?>
<testng-results ignored="0" total="1" passed="1" failed="0" skipped="0">
  <reporter-output>
  </reporter-output>
  <suite started-at="2026-06-06T02:03:27 IST" name="Default suite" finished-at="2026-06-06T02:04:06 IST" duration-ms="38672">
    <groups>
    </groups>
    <test started-at="2026-06-06T02:03:27 IST" name="Default test" finished-at="2026-06-06T02:04:06 IST" duration-ms="38672">
      <class name="tests.LoginTest">
        <test-method is-config="true" signature="setup()[pri:0, instance:tests.LoginTest@6d3a388c]" started-at="2026-06-06T02:03:27 IST" name="setup" finished-at="2026-06-06T02:04:03 IST" duration-ms="35839" status="PASS">
          <reporter-output>
          </reporter-output>
        </test-method> <!-- setup -->
        <test-method signature="loginTest()[pri:0, instance:tests.LoginTest@6d3a388c]" started-at="2026-06-06T02:04:03 IST" name="loginTest" finished-at="2026-06-06T02:04:05 IST" duration-ms="2191" status="PASS">
          <reporter-output>
          </reporter-output>
        </test-method> <!-- loginTest -->
        <test-method is-config="true" signature="tearDown()[pri:0, instance:tests.LoginTest@6d3a388c]" started-at="2026-06-06T02:04:05 IST" name="tearDown" finished-at="2026-06-06T02:04:06 IST" duration-ms="582" status="PASS">
          <reporter-output>
          </reporter-output>
        </test-method> <!-- tearDown -->
      </class> <!-- tests.LoginTest -->
    </test> <!-- Default test -->
  </suite> <!-- Default suite -->
</testng-results>
